2022-05-12 23:35:16,244 [INFO] sqlalchemy.engine.Engine: BEGIN (implicit)
2022-05-12 23:35:16,246 [INFO] sqlalchemy.engine.Engine: PRAGMA main.table_info("transactions")
2022-05-12 23:35:16,247 [INFO] sqlalchemy.engine.Engine: [raw sql] ()
2022-05-12 23:35:16,251 [INFO] sqlalchemy.engine.Engine: PRAGMA main.table_info("users")
2022-05-12 23:35:16,251 [INFO] sqlalchemy.engine.Engine: [raw sql] ()
2022-05-12 23:35:16,255 [INFO] sqlalchemy.engine.Engine: COMMIT
2022-05-12 23:35:16,257 [INFO] sqlalchemy.engine.Engine: BEGIN (implicit)
2022-05-12 23:35:16,257 [INFO] sqlalchemy.engine.Engine: PRAGMA main.table_info("transactions")
2022-05-12 23:35:16,257 [INFO] sqlalchemy.engine.Engine: [raw sql] ()
2022-05-12 23:35:16,260 [INFO] sqlalchemy.engine.Engine: PRAGMA main.table_info("users")
2022-05-12 23:35:16,261 [INFO] sqlalchemy.engine.Engine: [raw sql] ()
2022-05-12 23:35:16,261 [INFO] sqlalchemy.engine.Engine: COMMIT
2022-05-12 23:35:16,743 [INFO] sqlalchemy.engine.Engine: BEGIN (implicit)
2022-05-12 23:35:16,762 [INFO] sqlalchemy.engine.Engine: PRAGMA main.table_info("transactions")
2022-05-12 23:35:16,762 [INFO] sqlalchemy.engine.Engine: [raw sql] ()
2022-05-12 23:35:16,764 [INFO] sqlalchemy.engine.Engine: PRAGMA main.table_info("users")
2022-05-12 23:35:16,764 [INFO] sqlalchemy.engine.Engine: [raw sql] ()
2022-05-12 23:35:16,765 [INFO] sqlalchemy.engine.Engine: COMMIT
2022-05-12 23:35:17,083 [INFO] sqlalchemy.engine.Engine: BEGIN (implicit)
2022-05-12 23:35:17,083 [INFO] sqlalchemy.engine.Engine: PRAGMA main.table_info("transactions")
2022-05-12 23:35:17,084 [INFO] sqlalchemy.engine.Engine: [raw sql] ()
2022-05-12 23:35:17,085 [INFO] sqlalchemy.engine.Engine: PRAGMA main.table_info("users")
2022-05-12 23:35:17,101 [INFO] sqlalchemy.engine.Engine: [raw sql] ()
2022-05-12 23:35:17,110 [INFO] sqlalchemy.engine.Engine: COMMIT
2022-05-12 23:35:17,111 [INFO] sqlalchemy.engine.Engine: BEGIN (implicit)
2022-05-12 23:35:17,112 [INFO] sqlalchemy.engine.Engine: PRAGMA main.table_info("transactions")
2022-05-12 23:35:17,113 [INFO] sqlalchemy.engine.Engine: [raw sql] ()
2022-05-12 23:35:17,114 [INFO] sqlalchemy.engine.Engine: PRAGMA main.table_info("users")
2022-05-12 23:35:17,115 [INFO] sqlalchemy.engine.Engine: [raw sql] ()
2022-05-12 23:35:17,116 [INFO] sqlalchemy.engine.Engine: COMMIT
2022-05-12 23:35:17,515 [INFO] sqlalchemy.engine.Engine: BEGIN (implicit)
2022-05-12 23:35:17,516 [INFO] sqlalchemy.engine.Engine: PRAGMA main.table_info("transactions")
2022-05-12 23:35:17,516 [INFO] sqlalchemy.engine.Engine: [raw sql] ()
2022-05-12 23:35:17,517 [INFO] sqlalchemy.engine.Engine: PRAGMA main.table_info("users")
2022-05-12 23:35:17,517 [INFO] sqlalchemy.engine.Engine: [raw sql] ()
2022-05-12 23:35:17,518 [INFO] sqlalchemy.engine.Engine: COMMIT
2022-05-12 23:35:17,520 [INFO] sqlalchemy.engine.Engine: BEGIN (implicit)
2022-05-12 23:35:17,522 [INFO] sqlalchemy.engine.Engine: PRAGMA main.table_info("transactions")
2022-05-12 23:35:17,522 [INFO] sqlalchemy.engine.Engine: [raw sql] ()
2022-05-12 23:35:17,523 [INFO] sqlalchemy.engine.Engine: PRAGMA main.table_info("users")
2022-05-12 23:35:17,523 [INFO] sqlalchemy.engine.Engine: [raw sql] ()
2022-05-12 23:35:17,524 [INFO] sqlalchemy.engine.Engine: COMMIT
2022-05-12 23:35:17,839 [INFO] sqlalchemy.engine.Engine: BEGIN (implicit)
2022-05-12 23:35:17,842 [INFO] sqlalchemy.engine.Engine: PRAGMA main.table_info("transactions")
2022-05-12 23:35:17,843 [INFO] sqlalchemy.engine.Engine: [raw sql] ()
2022-05-12 23:35:17,844 [INFO] sqlalchemy.engine.Engine: PRAGMA main.table_info("users")
2022-05-12 23:35:17,845 [INFO] sqlalchemy.engine.Engine: [raw sql] ()
2022-05-12 23:35:17,845 [INFO] sqlalchemy.engine.Engine: COMMIT
2022-05-12 23:35:17,846 [INFO] sqlalchemy.engine.Engine: BEGIN (implicit)
2022-05-12 23:35:17,846 [INFO] sqlalchemy.engine.Engine: PRAGMA main.table_info("transactions")
2022-05-12 23:35:17,847 [INFO] sqlalchemy.engine.Engine: [raw sql] ()
2022-05-12 23:35:17,847 [INFO] sqlalchemy.engine.Engine: PRAGMA main.table_info("users")
2022-05-12 23:35:17,848 [INFO] sqlalchemy.engine.Engine: [raw sql] ()
2022-05-12 23:35:17,849 [INFO] sqlalchemy.engine.Engine: COMMIT
2022-05-12 23:35:18,461 [INFO] sqlalchemy.engine.Engine: BEGIN (implicit)
2022-05-12 23:35:18,463 [INFO] sqlalchemy.engine.Engine: INSERT INTO users (email, password, about, authenticated, registered_on, is_admin, balance) VALUES (?, ?, ?, ?, ?, ?, ?)
2022-05-12 23:35:18,464 [INFO] sqlalchemy.engine.Engine: [generated in 0.00050s] ('bobgale@gmail.com', 'test2', None, 0, '2022-05-13 03:35:18.459181', 1, 0.0)
2022-05-12 23:35:18,466 [INFO] sqlalchemy.engine.Engine: COMMIT
2022-05-12 23:35:18,626 [INFO] sqlalchemy.engine.Engine: BEGIN (implicit)
2022-05-12 23:35:18,629 [INFO] sqlalchemy.engine.Engine: SELECT users.is_active AS users_is_active, users.id AS users_id, users.email AS users_email, users.password AS users_password, users.about AS users_about, users.authenticated AS users_authenticated, users.registered_on AS users_registered_on, users.is_admin AS users_is_admin, users.balance AS users_balance 
FROM users 
WHERE users.id = ?
2022-05-12 23:35:18,629 [INFO] sqlalchemy.engine.Engine: [generated in 0.00035s] (1,)
2022-05-12 23:35:18,634 [INFO] sqlalchemy.engine.Engine: BEGIN (implicit)
2022-05-12 23:35:18,634 [INFO] sqlalchemy.engine.Engine: PRAGMA main.table_info("transactions")
2022-05-12 23:35:18,635 [INFO] sqlalchemy.engine.Engine: [raw sql] ()
2022-05-12 23:35:18,635 [INFO] sqlalchemy.engine.Engine: PRAGMA main.table_info("users")
2022-05-12 23:35:18,635 [INFO] sqlalchemy.engine.Engine: [raw sql] ()
2022-05-12 23:35:18,636 [INFO] sqlalchemy.engine.Engine: COMMIT
2022-05-12 23:35:18,637 [INFO] sqlalchemy.engine.Engine: BEGIN (implicit)
2022-05-12 23:35:18,637 [INFO] sqlalchemy.engine.Engine: PRAGMA main.table_info("transactions")
2022-05-12 23:35:18,637 [INFO] sqlalchemy.engine.Engine: [raw sql] ()
2022-05-12 23:35:18,638 [INFO] sqlalchemy.engine.Engine: PRAGMA main.table_info("users")
2022-05-12 23:35:18,638 [INFO] sqlalchemy.engine.Engine: [raw sql] ()
2022-05-12 23:35:18,639 [INFO] sqlalchemy.engine.Engine: COMMIT
2022-05-12 23:35:18,926 [INFO] sqlalchemy.engine.Engine: ROLLBACK
2022-05-12 23:35:18,963 [INFO] sqlalchemy.engine.Engine: BEGIN (implicit)
2022-05-12 23:35:18,968 [INFO] sqlalchemy.engine.Engine: SELECT count(*) AS count_1 
FROM (SELECT users.is_active AS users_is_active, users.id AS users_id, users.email AS users_email, users.password AS users_password, users.about AS users_about, users.authenticated AS users_authenticated, users.registered_on AS users_registered_on, users.is_admin AS users_is_admin, users.balance AS users_balance 
FROM users) AS anon_1
2022-05-12 23:35:18,969 [INFO] sqlalchemy.engine.Engine: [generated in 0.00203s] ()
2022-05-12 23:35:18,973 [INFO] sqlalchemy.engine.Engine: BEGIN (implicit)
2022-05-12 23:35:18,973 [INFO] sqlalchemy.engine.Engine: PRAGMA main.table_info("transactions")
2022-05-12 23:35:18,973 [INFO] sqlalchemy.engine.Engine: [raw sql] ()
2022-05-12 23:35:18,974 [INFO] sqlalchemy.engine.Engine: PRAGMA main.table_info("users")
2022-05-12 23:35:18,974 [INFO] sqlalchemy.engine.Engine: [raw sql] ()
2022-05-12 23:35:18,975 [INFO] sqlalchemy.engine.Engine: COMMIT
2022-05-12 23:35:18,977 [INFO] sqlalchemy.engine.Engine: BEGIN (implicit)
2022-05-12 23:35:18,978 [INFO] sqlalchemy.engine.Engine: PRAGMA main.table_info("transactions")
2022-05-12 23:35:18,978 [INFO] sqlalchemy.engine.Engine: [raw sql] ()
2022-05-12 23:35:18,979 [INFO] sqlalchemy.engine.Engine: PRAGMA main.table_info("users")
2022-05-12 23:35:18,980 [INFO] sqlalchemy.engine.Engine: [raw sql] ()
2022-05-12 23:35:18,981 [INFO] sqlalchemy.engine.Engine: COMMIT
2022-05-12 23:35:18,990 [INFO] sqlalchemy.engine.Engine: ROLLBACK
2022-05-12 23:35:19,028 [INFO] sqlalchemy.engine.Engine: BEGIN (implicit)
2022-05-12 23:35:19,029 [INFO] sqlalchemy.engine.Engine: INSERT INTO users (email, password, about, authenticated, registered_on, is_admin, balance) VALUES (?, ?, ?, ?, ?, ?, ?)
2022-05-12 23:35:19,029 [INFO] sqlalchemy.engine.Engine: [generated in 0.00035s] ('robertgale@gmail.com', 'newtest2', None, 0, '2022-05-13 03:35:19.026219', 1, 0.0)
2022-05-12 23:35:19,053 [INFO] sqlalchemy.engine.Engine: COMMIT
2022-05-12 23:35:19,428 [INFO] sqlalchemy.engine.Engine: BEGIN (implicit)
2022-05-12 23:35:19,430 [INFO] sqlalchemy.engine.Engine: SELECT users.is_active AS users_is_active, users.id AS users_id, users.email AS users_email, users.password AS users_password, users.about AS users_about, users.authenticated AS users_authenticated, users.registered_on AS users_registered_on, users.is_admin AS users_is_admin, users.balance AS users_balance 
FROM users 
WHERE users.id = ?
2022-05-12 23:35:19,430 [INFO] sqlalchemy.engine.Engine: [generated in 0.00028s] (2,)
2022-05-12 23:35:19,435 [INFO] sqlalchemy.engine.Engine: ROLLBACK
2022-05-12 23:35:19,493 [INFO] sqlalchemy.engine.Engine: BEGIN (implicit)
2022-05-12 23:35:19,494 [INFO] sqlalchemy.engine.Engine: PRAGMA main.table_info("transactions")
2022-05-12 23:35:19,494 [INFO] sqlalchemy.engine.Engine: [raw sql] ()
2022-05-12 23:35:19,496 [INFO] sqlalchemy.engine.Engine: PRAGMA main.table_info("users")
2022-05-12 23:35:19,496 [INFO] sqlalchemy.engine.Engine: [raw sql] ()
2022-05-12 23:35:19,498 [INFO] sqlalchemy.engine.Engine: COMMIT
2022-05-12 23:35:19,502 [INFO] sqlalchemy.engine.Engine: BEGIN (implicit)
2022-05-12 23:35:19,503 [INFO] sqlalchemy.engine.Engine: PRAGMA main.table_info("transactions")
2022-05-12 23:35:19,503 [INFO] sqlalchemy.engine.Engine: [raw sql] ()
2022-05-12 23:35:19,506 [INFO] sqlalchemy.engine.Engine: PRAGMA main.table_info("users")
2022-05-12 23:35:19,507 [INFO] sqlalchemy.engine.Engine: [raw sql] ()
2022-05-12 23:35:19,508 [INFO] sqlalchemy.engine.Engine: COMMIT
2022-05-12 23:35:19,805 [INFO] sqlalchemy.engine.Engine: BEGIN (implicit)
2022-05-12 23:35:19,805 [INFO] sqlalchemy.engine.Engine: PRAGMA main.table_info("transactions")
2022-05-12 23:35:19,805 [INFO] sqlalchemy.engine.Engine: [raw sql] ()
2022-05-12 23:35:19,806 [INFO] sqlalchemy.engine.Engine: PRAGMA main.table_info("users")
2022-05-12 23:35:19,806 [INFO] sqlalchemy.engine.Engine: [raw sql] ()
2022-05-12 23:35:19,807 [INFO] sqlalchemy.engine.Engine: COMMIT
2022-05-12 23:35:19,808 [INFO] sqlalchemy.engine.Engine: BEGIN (implicit)
2022-05-12 23:35:19,808 [INFO] sqlalchemy.engine.Engine: PRAGMA main.table_info("transactions")
2022-05-12 23:35:19,808 [INFO] sqlalchemy.engine.Engine: [raw sql] ()
2022-05-12 23:35:19,809 [INFO] sqlalchemy.engine.Engine: PRAGMA main.table_info("users")
2022-05-12 23:35:19,809 [INFO] sqlalchemy.engine.Engine: [raw sql] ()
2022-05-12 23:35:19,810 [INFO] sqlalchemy.engine.Engine: COMMIT
2022-05-12 23:35:20,093 [INFO] sqlalchemy.engine.Engine: BEGIN (implicit)
2022-05-12 23:35:20,094 [INFO] sqlalchemy.engine.Engine: PRAGMA main.table_info("transactions")
2022-05-12 23:35:20,094 [INFO] sqlalchemy.engine.Engine: [raw sql] ()
2022-05-12 23:35:20,095 [INFO] sqlalchemy.engine.Engine: PRAGMA main.table_info("users")
2022-05-12 23:35:20,095 [INFO] sqlalchemy.engine.Engine: [raw sql] ()
2022-05-12 23:35:20,096 [INFO] sqlalchemy.engine.Engine: COMMIT
2022-05-12 23:35:20,096 [INFO] sqlalchemy.engine.Engine: BEGIN (implicit)
2022-05-12 23:35:20,097 [INFO] sqlalchemy.engine.Engine: PRAGMA main.table_info("transactions")
2022-05-12 23:35:20,097 [INFO] sqlalchemy.engine.Engine: [raw sql] ()
2022-05-12 23:35:20,098 [INFO] sqlalchemy.engine.Engine: PRAGMA main.table_info("users")
2022-05-12 23:35:20,099 [INFO] sqlalchemy.engine.Engine: [raw sql] ()
2022-05-12 23:35:20,100 [INFO] sqlalchemy.engine.Engine: COMMIT
2022-05-12 23:35:20,370 [INFO] sqlalchemy.engine.Engine: BEGIN (implicit)
2022-05-12 23:35:20,370 [INFO] sqlalchemy.engine.Engine: PRAGMA main.table_info("transactions")
2022-05-12 23:35:20,370 [INFO] sqlalchemy.engine.Engine: [raw sql] ()
2022-05-12 23:35:20,371 [INFO] sqlalchemy.engine.Engine: PRAGMA main.table_info("users")
2022-05-12 23:35:20,371 [INFO] sqlalchemy.engine.Engine: [raw sql] ()
2022-05-12 23:35:20,372 [INFO] sqlalchemy.engine.Engine: COMMIT
2022-05-12 23:35:20,373 [INFO] sqlalchemy.engine.Engine: BEGIN (implicit)
2022-05-12 23:35:20,373 [INFO] sqlalchemy.engine.Engine: PRAGMA main.table_info("transactions")
2022-05-12 23:35:20,373 [INFO] sqlalchemy.engine.Engine: [raw sql] ()
2022-05-12 23:35:20,374 [INFO] sqlalchemy.engine.Engine: PRAGMA main.table_info("users")
2022-05-12 23:35:20,375 [INFO] sqlalchemy.engine.Engine: [raw sql] ()
2022-05-12 23:35:20,375 [INFO] sqlalchemy.engine.Engine: COMMIT
2022-05-12 23:35:20,673 [INFO] sqlalchemy.engine.Engine: BEGIN (implicit)
2022-05-12 23:35:20,674 [INFO] sqlalchemy.engine.Engine: PRAGMA main.table_info("transactions")
2022-05-12 23:35:20,674 [INFO] sqlalchemy.engine.Engine: [raw sql] ()
2022-05-12 23:35:20,675 [INFO] sqlalchemy.engine.Engine: PRAGMA main.table_info("users")
2022-05-12 23:35:20,675 [INFO] sqlalchemy.engine.Engine: [raw sql] ()
2022-05-12 23:35:20,676 [INFO] sqlalchemy.engine.Engine: COMMIT
2022-05-12 23:35:20,677 [INFO] sqlalchemy.engine.Engine: BEGIN (implicit)
2022-05-12 23:35:20,677 [INFO] sqlalchemy.engine.Engine: PRAGMA main.table_info("transactions")
2022-05-12 23:35:20,677 [INFO] sqlalchemy.engine.Engine: [raw sql] ()
2022-05-12 23:35:20,678 [INFO] sqlalchemy.engine.Engine: PRAGMA main.table_info("users")
2022-05-12 23:35:20,679 [INFO] sqlalchemy.engine.Engine: [raw sql] ()
2022-05-12 23:35:20,679 [INFO] sqlalchemy.engine.Engine: COMMIT
2022-05-12 23:35:20,956 [INFO] sqlalchemy.engine.Engine: BEGIN (implicit)
2022-05-12 23:35:20,961 [INFO] sqlalchemy.engine.Engine: SELECT count(*) AS count_1 
FROM (SELECT users.is_active AS users_is_active, users.id AS users_id, users.email AS users_email, users.password AS users_password, users.about AS users_about, users.authenticated AS users_authenticated, users.registered_on AS users_registered_on, users.is_admin AS users_is_admin, users.balance AS users_balance 
FROM users) AS anon_1
2022-05-12 23:35:20,961 [INFO] sqlalchemy.engine.Engine: [generated in 0.00062s] ()
2022-05-12 23:35:20,966 [INFO] sqlalchemy.engine.Engine: SELECT count(*) AS count_1 
FROM (SELECT transactions.id AS transactions_id, transactions."AMOUNT" AS "transactions_AMOUNT", transactions."TYPE" AS "transactions_TYPE", transactions.user_id AS transactions_user_id 
FROM transactions) AS anon_1
2022-05-12 23:35:20,967 [INFO] sqlalchemy.engine.Engine: [generated in 0.00117s] ()
2022-05-12 23:35:20,970 [INFO] sqlalchemy.engine.Engine: INSERT INTO users (email, password, about, authenticated, registered_on, is_admin, balance) VALUES (?, ?, ?, ?, ?, ?, ?)
2022-05-12 23:35:20,971 [INFO] sqlalchemy.engine.Engine: [generated in 0.00039s] ('bobgale@gmail.com', 'newtest', None, 0, '2022-05-13 03:35:20.969316', 1, 0.0)
2022-05-12 23:35:20,971 [INFO] sqlalchemy.engine.Engine: ROLLBACK
